<?xml version="1.0" encoding="UTF-8"?>
<testsuite xmlns:xsi="http://www.w3.org/2001/XMLSchema-instance" xsi:noNamespaceSchemaLocation="https://maven.apache.org/surefire/maven-surefire-plugin/xsd/surefire-test-report-3.0.xsd" version="3.0" name="com.mycompany.tvstreamingapplication.SeriesTest" time="0.065" tests="7" errors="0" skipped="0" failures="0">
  <properties>
[...]
</properties>
  <testcase name="testDeleteSeries_SeriesNotFound" classname="com.mycompany.tvstreamingapplication.SeriesTest" time="0.033"/>
  <testcase name="testSearchSeries_SeriesNotFound" classname="com.mycompany.tvstreamingapplication.SeriesTest" time="0.002"/>
  <testcase name="testUpdateSeries" classname="com.mycompany.tvstreamingapplication.SeriesTest" time="0.002"/>
  <testcase name="testDeleteSeries" classname="com.mycompany.tvstreamingapplication.SeriesTest" time="0.001"/>
  <testcase name="testSeriesAgeRestriction_SeriesAgeInValid" classname="com.mycompany.tvstreamingapplication.SeriesTest" time="0.0"/>
  <testcase name="testSearchSeries" classname="com.mycompany.tvstreamingapplication.SeriesTest" time="0.001"/>
  <testcase name="testSeriesAgeRestriction_AgeValid" classname="com.mycompany.tvstreamingapplication.SeriesTest" time="0.001"/>
</testsuite>